<?xml version="1.0" encoding="UTF-8" standalone="no"?>
<testsuite errors="0" failures="1" name="io.cucumber.core.plugin.JUnitFormatter" skipped="0" tests="2" time="0.513">
<testcase classname="Uber Booking Feature" name="Booking Cab" time="0.124">
<failure message="The scenario has pending or undefined step(s)" type="java.lang.Exception"><![CDATA[Given User wants to select a car "sedan" from uber app......................passed
When User selects the car "sedan" and pickup point as "Bangalore"...........passed
Then Driver starts the journey..............................................passed
And Driver ends the journey.................................................passed
Then User pays 1000 USD.....................................................passed
Then User not pays..........................................................undefined
]]></failure>
</testcase>
<testcase classname="Uber Booking Feature" name="Booking Cab 2" time="0.004">
<system-out><![CDATA[Given User wants to select a car "SUV" from uber app........................passed
When User selects the car "suv" and pickup point as "Chennai"...............passed
Then Driver starts the journey..............................................passed
And Driver ends the journey.................................................passed
Then User pays 1000 USD.....................................................passed
]]></system-out>
</testcase>
</testsuite>
